#
# There is insufficient memory for the Java Runtime Environment to continue.
# Native memory allocation (malloc) failed to allocate 1514256 bytes. Error detail: Chunk::new
# Possible reasons:
#   The system is out of physical RAM or swap space
#   This process is running with CompressedOops enabled, and the Java Heap may be blocking the growth of the native heap
# Possible solutions:
#   Reduce memory load on the system
#   Increase physical memory or swap space
#   Check if swap backing store is full
#   Decrease Java heap size (-Xmx/-Xms)
#   Decrease number of Java threads
#   Decrease Java thread stack sizes (-Xss)
#   Set larger code cache with -XX:ReservedCodeCacheSize=
#   JVM is running with Unscaled Compressed Oops mode in which the Java heap is
#     placed in the first 4GB address space. The Java Heap base address is the
#     maximum limit for the native heap growth. Please use -XX:HeapBaseMinAddress
#     to set the Java Heap base and to place the Java Heap above 4GB virtual address.
# This output file may be truncated or incomplete.
#
#  Out of Memory Error (arena.cpp:168), pid=21712, tid=26144
#
# JRE version: OpenJDK Runtime Environment Temurin-21.0.9+10 (21.0.9+10) (build 21.0.9+10-LTS)
# Java VM: OpenJDK 64-Bit Server VM Temurin-21.0.9+10 (21.0.9+10-LTS, mixed mode, sharing, tiered, compressed oops, compressed class ptrs, parallel gc, windows-amd64)
# No core dump will be written. Minidumps are not enabled by default on client versions of Windows
#

---------------  S U M M A R Y ------------

Command Line: --add-modules=ALL-SYSTEM --add-opens=java.base/java.util=ALL-UNNAMED --add-opens=java.base/java.lang=ALL-UNNAMED --add-opens=java.base/sun.nio.fs=ALL-UNNAMED -Declipse.application=org.eclipse.jdt.ls.core.id1 -Dosgi.bundles.defaultStartLevel=4 -Declipse.product=org.eclipse.jdt.ls.core.product -Djava.import.generatesMetadataFilesAtProjectRoot=false -DDetectVMInstallationsJob.disabled=true -Dfile.encoding=utf8 -XX:+UseParallelGC -XX:GCTimeRatio=4 -XX:AdaptiveSizePolicyWeight=90 -Dsun.zip.disableMemoryMapping=true -Xmx2G -Xms100m -Xlog:disable -javaagent:c:\Users\nancy\.vscode\extensions\redhat.java-1.52.0-win32-x64\lombok\lombok-1.18.39-4050.jar -XX:+HeapDumpOnOutOfMemoryError -XX:HeapDumpPath=c:\Users\nancy\AppData\Roaming\Code\User\workspaceStorage\33b56e96845a60690233eb22c3ddb232\redhat.java -Daether.dependencyCollector.impl=bf c:\Users\nancy\.vscode\extensions\redhat.java-1.52.0-win32-x64\server\plugins\org.eclipse.equinox.launcher_1.7.100.v20251111-0406.jar -configuration c:\Users\nancy\AppData\Roaming\Code\User\globalStorage\redhat.java\1.52.0\config_win -data c:\Users\nancy\AppData\Roaming\Code\User\workspaceStorage\33b56e96845a60690233eb22c3ddb232\redhat.java\jdt_ws --pipe=\\.\pipe\lsp-6283a757b39b13112da1f6366b908371-sock

Host: 11th Gen Intel(R) Core(TM) i3-1115G4 @ 3.00GHz, 4 cores, 7G,  Windows 11 , 64 bit Build 26100 (10.0.26100.7705)
Time: Wed Feb 18 10:24:58 2026 India Standard Time elapsed time: 27.680199 seconds (0d 0h 0m 27s)

---------------  T H R E A D  ---------------

Current thread (0x000001a5fa1487f0):  JavaThread "C2 CompilerThread0" daemon [_thread_in_native, id=26144, stack(0x0000003a8f300000,0x0000003a8f400000) (1024K)]


Current CompileTask:
C2:27680 3279       4       java.lang.invoke.MethodType::makeImpl (109 bytes)

Stack: [0x0000003a8f300000,0x0000003a8f400000]
Native frames: (J=compiled Java code, j=interpreted, Vv=VM code, C=native code)
V  [jvm.dll+0x6d6e29]
V  [jvm.dll+0x8b4b76]
V  [jvm.dll+0x8b712e]
V  [jvm.dll+0x8b7813]
V  [jvm.dll+0x283d86]
V  [jvm.dll+0xc66ed]
V  [jvm.dll+0xc6c31]
V  [jvm.dll+0x3be501]
V  [jvm.dll+0x38ab92]
V  [jvm.dll+0x389fda]
V  [jvm.dll+0x24bfa0]
V  [jvm.dll+0x24b580]
V  [jvm.dll+0x1cb13e]
V  [jvm.dll+0x25b29d]
V  [jvm.dll+0x25982a]
V  [jvm.dll+0x3f7ea6]
V  [jvm.dll+0x85e9ad]
V  [jvm.dll+0x6d565d]
C  [ucrtbase.dll+0x37b0]
C  [KERNEL32.DLL+0x2e8d7]
C  [ntdll.dll+0x8c40c]


---------------  P R O C E S S  ---------------

Threads class SMR info:
_java_thread_list=0x000001a580849980, length=21, elements={
0x000001a5a25eea90, 0x000001a5a26a9d10, 0x000001a5a26abaa0, 0x000001a5fa1439c0,
0x000001a5fa144410, 0x000001a5fa146f70, 0x000001a5fa1479c0, 0x000001a5fa1487f0,
0x000001a5fa1872f0, 0x000001a5ff14e1f0, 0x000001a5ff2752d0, 0x000001a5ff2dea40,
0x000001a5ff6e1ec0, 0x000001a5ff0fb6f0, 0x000001a5ff0fbd50, 0x000001a5ff23c000,
0x000001a5ff4c2da0, 0x000001a580534ca0, 0x000001a5805359c0, 0x000001a580532bd0,
0x000001a580535330
}

Java Threads: ( => current thread )
  0x000001a5a25eea90 JavaThread "main"                              [_thread_blocked, id=3612, stack(0x0000003a8e900000,0x0000003a8ea00000) (1024K)]
  0x000001a5a26a9d10 JavaThread "Reference Handler"          daemon [_thread_blocked, id=2240, stack(0x0000003a8ed00000,0x0000003a8ee00000) (1024K)]
  0x000001a5a26abaa0 JavaThread "Finalizer"                  daemon [_thread_blocked, id=3944, stack(0x0000003a8ee00000,0x0000003a8ef00000) (1024K)]
  0x000001a5fa1439c0 JavaThread "Signal Dispatcher"          daemon [_thread_blocked, id=17412, stack(0x0000003a8ef00000,0x0000003a8f000000) (1024K)]
  0x000001a5fa144410 JavaThread "Attach Listener"            daemon [_thread_blocked, id=15808, stack(0x0000003a8f000000,0x0000003a8f100000) (1024K)]
  0x000001a5fa146f70 JavaThread "Service Thread"             daemon [_thread_blocked, id=4500, stack(0x0000003a8f100000,0x0000003a8f200000) (1024K)]
  0x000001a5fa1479c0 JavaThread "Monitor Deflation Thread"   daemon [_thread_blocked, id=11388, stack(0x0000003a8f200000,0x0000003a8f300000) (1024K)]
=>0x000001a5fa1487f0 JavaThread "C2 CompilerThread0"         daemon [_thread_in_native, id=26144, stack(0x0000003a8f300000,0x0000003a8f400000) (1024K)]
  0x000001a5fa1872f0 JavaThread "C1 CompilerThread0"         daemon [_thread_blocked, id=25192, stack(0x0000003a8f400000,0x0000003a8f500000) (1024K)]
  0x000001a5ff14e1f0 JavaThread "Common-Cleaner"             daemon [_thread_blocked, id=11988, stack(0x0000003a8f500000,0x0000003a8f600000) (1024K)]
  0x000001a5ff2752d0 JavaThread "Notification Thread"        daemon [_thread_blocked, id=23048, stack(0x0000003a8f600000,0x0000003a8f700000) (1024K)]
  0x000001a5ff2dea40 JavaThread "Active Thread: Equinox Container: e0e39c8c-fa5d-4d8a-91c5-b1450e8aff94"        [_thread_blocked, id=5936, stack(0x0000003a8f700000,0x0000003a8f800000) (1024K)]
  0x000001a5ff6e1ec0 JavaThread "Refresh Thread: Equinox Container: e0e39c8c-fa5d-4d8a-91c5-b1450e8aff94" daemon [_thread_blocked, id=4932, stack(0x0000003a8fb00000,0x0000003a8fc00000) (1024K)]
  0x000001a5ff0fb6f0 JavaThread "Framework Event Dispatcher: Equinox Container: e0e39c8c-fa5d-4d8a-91c5-b1450e8aff94" daemon [_thread_blocked, id=1904, stack(0x0000003a8fc00000,0x0000003a8fd00000) (1024K)]
  0x000001a5ff0fbd50 JavaThread "Start Level: Equinox Container: e0e39c8c-fa5d-4d8a-91c5-b1450e8aff94" daemon [_thread_blocked, id=27596, stack(0x0000003a8fd00000,0x0000003a8fe00000) (1024K)]
  0x000001a5ff23c000 JavaThread "Bundle File Closer"         daemon [_thread_blocked, id=26084, stack(0x0000003a8fe00000,0x0000003a8ff00000) (1024K)]
  0x000001a5ff4c2da0 JavaThread "SCR Component Actor"        daemon [_thread_blocked, id=26480, stack(0x0000003a8ff00000,0x0000003a90000000) (1024K)]
  0x000001a580534ca0 JavaThread "Worker-JM"                         [_thread_blocked, id=29752, stack(0x0000003a90000000,0x0000003a90100000) (1024K)]
  0x000001a5805359c0 JavaThread "JNA Cleaner"                daemon [_thread_blocked, id=30648, stack(0x0000003a90100000,0x0000003a90200000) (1024K)]
  0x000001a580532bd0 JavaThread "Worker-0: Checking project encoding"        [_thread_blocked, id=13264, stack(0x0000003a90200000,0x0000003a90300000) (1024K)]
  0x000001a580535330 JavaThread "Worker-1"                          [_thread_blocked, id=3604, stack(0x0000003a90300000,0x0000003a90400000) (1024K)]
Total: 21

Other Threads:
  0x000001a5fa13f670 VMThread "VM Thread"                           [id=22300, stack(0x0000003a8ec00000,0x0000003a8ed00000) (1024K)]
  0x000001a5a265c380 WatcherThread "VM Periodic Task Thread"        [id=14140, stack(0x0000003a8eb00000,0x0000003a8ec00000) (1024K)]
  0x000001a5a260d120 WorkerThread "GC Thread#0"                     [id=4728, stack(0x0000003a8ea00000,0x0000003a8eb00000) (1024K)]
  0x000001a5ff39c7f0 WorkerThread "GC Thread#1"                     [id=20496, stack(0x0000003a8f800000,0x0000003a8f900000) (1024K)]
  0x000001a5ff39cb90 WorkerThread "GC Thread#2"                     [id=6600, stack(0x0000003a8f900000,0x0000003a8fa00000) (1024K)]
  0x000001a5ffa8c120 WorkerThread "GC Thread#3"                     [id=27420, stack(0x0000003a8fa00000,0x0000003a8fb00000) (1024K)]
Total: 6

Threads with active compile tasks:
C2 CompilerThread0  27721 3279       4       java.lang.invoke.MethodType::makeImpl (109 bytes)
Total: 1

VM state: not at safepoint (normal execution)

VM Mutex/Monitor currently owned by a thread: None

OutOfMemory and StackOverflow Exception counts:
OutOfMemoryError java_heap_errors=1
LinkageErrors=58

Heap address: 0x0000000080000000, size: 2048 MB, Compressed Oops mode: 32-bit

CDS archive(s) mapped at: [0x000001a5b9000000-0x000001a5b9ba0000-0x000001a5b9ba0000), size 12189696, SharedBaseAddress: 0x000001a5b9000000, ArchiveRelocationMode: 1.
Compressed class space mapped at: 0x000001a5ba000000-0x000001a5fa000000, reserved size: 1073741824
Narrow klass base: 0x000001a5b9000000, Narrow klass shift: 0, Narrow klass range: 0x100000000

GC Precious Log:
 CardTable entry size: 512
 CPUs: 4 total, 4 available
 Memory: 7932M
 Large Page Support: Disabled
 NUMA Support: Disabled
 Compressed Oops: Enabled (32-bit)
 Alignments: Space 512K, Generation 512K, Heap 2M
 Heap Min Capacity: 100M
 Heap Initial Capacity: 100M
 Heap Max Capacity: 2G
 Pre-touch: Disabled
 Parallel Workers: 4

Heap:
 PSYoungGen      total 29184K, used 20103K [0x00000000d5580000, 0x00000000d7a00000, 0x0000000100000000)
  eden space 25088K, 63% used [0x00000000d5580000,0x00000000d6529890,0x00000000d6e00000)
  from space 4096K, 99% used [0x00000000d6e80000,0x00000000d7278398,0x00000000d7280000)
  to   space 6144K, 0% used [0x00000000d7400000,0x00000000d7400000,0x00000000d7a00000)
 ParOldGen       total 68608K, used 8273K [0x0000000080000000, 0x0000000084300000, 0x00000000d5580000)
  object space 68608K, 12% used [0x0000000080000000,0x00000000808144f0,0x0000000084300000)
 Metaspace       used 17805K, committed 18560K, reserved 1114112K
  class space    used 1869K, committed 2176K, reserved 1048576K

Card table byte_map: [0x000001a5a1fb0000,0x000001a5a23c0000] _byte_map_base: 0x000001a5a1bb0000

Marking Bits: (ParMarkBitMap*) 0x00007ffa733f2460
 Begin Bits: [0x000001a5b4aa0000, 0x000001a5b6aa0000)
 End Bits:   [0x000001a5b6aa0000, 0x000001a5b8aa0000)

Polling page: 0x000001a5a0670000

Metaspace:

Usage:
  Non-class:     15.56 MB used.
      Class:      1.83 MB used.
       Both:     17.39 MB used.

Virtual space:
  Non-class space:       64.00 MB reserved,      16.00 MB ( 25%) committed,  1 nodes.
      Class space:        1.00 GB reserved,       2.12 MB ( <1%) committed,  1 nodes.
             Both:        1.06 GB reserved,      18.12 MB (  2%) committed. 

Chunk freelists:
   Non-Class:  15.55 MB
       Class:  13.85 MB
        Both:  29.40 MB

MaxMetaspaceSize: unlimited
CompressedClassSpaceSize: 1.00 GB
Initial GC threshold: 21.00 MB
Current GC threshold: 21.00 MB
CDS: on
 - commit_granule_bytes: 65536.
 - commit_granule_words: 8192.
 - virtual_space_node_default_size: 8388608.
 - enlarge_chunks_in_place: 1.
 - use_allocation_guard: 0.


Internal statistics:

num_allocs_failed_limit: 0.
num_arena_births: 560.
num_arena_deaths: 0.
num_vsnodes_births: 2.
num_vsnodes_deaths: 0.
num_space_committed: 290.
num_space_uncommitted: 0.
num_chunks_returned_to_freelist: 0.
num_chunks_taken_from_freelist: 1210.
num_chunk_merges: 0.
num_chunk_splits: 762.
num_chunks_enlarged: 494.
num_inconsistent_stats: 0.

CodeHeap 'non-profiled nmethods': size=120000Kb used=1485Kb max_used=1485Kb free=118514Kb
 bounds [0x000001a5ad2c0000, 0x000001a5ad530000, 0x000001a5b47f0000]
CodeHeap 'profiled nmethods': size=120000Kb used=6863Kb max_used=6863Kb free=113136Kb
 bounds [0x000001a5a57f0000, 0x000001a5a5eb0000, 0x000001a5acd20000]
CodeHeap 'non-nmethods': size=5760Kb used=1289Kb max_used=1300Kb free=4470Kb
 bounds [0x000001a5acd20000, 0x000001a5acf90000, 0x000001a5ad2c0000]
CodeCache: size=245760Kb, used=9637Kb, max_used=9648Kb, free=236120Kb
 total_blobs=3952, nmethods=3394, adapters=464, full_count=0
Compilation: enabled, stopped_count=0, restarted_count=0

Compilation events (20 events):
Event: 27.654 Thread 0x000001a5fa1872f0 3388       3       jdk.internal.reflect.MethodHandleObjectFieldAccessorImpl::<init> (12 bytes)
Event: 27.654 Thread 0x000001a5fa1872f0 nmethod 3388 0x000001a5a5e9f910 code [0x000001a5a5e9fac0, 0x000001a5a5e9fbf8]
Event: 27.654 Thread 0x000001a5fa1872f0 3389       3       java.lang.invoke.DirectMethodHandle::staticBase (8 bytes)
Event: 27.654 Thread 0x000001a5fa1872f0 nmethod 3389 0x000001a5a5e9fc90 code [0x000001a5a5e9fe40, 0x000001a5a5ea0028]
Event: 27.654 Thread 0x000001a5fa1872f0 3390       3       java.lang.invoke.DirectMethodHandle::staticOffset (8 bytes)
Event: 27.655 Thread 0x000001a5fa1872f0 nmethod 3390 0x000001a5a5ea0110 code [0x000001a5a5ea02c0, 0x000001a5a5ea04b0]
Event: 27.655 Thread 0x000001a5fa1872f0 3391       3       java.lang.invoke.DirectMethodHandle$StaticAccessor::checkCast (9 bytes)
Event: 27.655 Thread 0x000001a5fa1872f0 nmethod 3391 0x000001a5a5ea0590 code [0x000001a5a5ea0760, 0x000001a5a5ea0a68]
Event: 27.655 Thread 0x000001a5fa1872f0 3392       3       java.util.ResourceBundle::getString (9 bytes)
Event: 27.655 Thread 0x000001a5fa1872f0 nmethod 3392 0x000001a5a5ea0b90 code [0x000001a5a5ea0d40, 0x000001a5a5ea0f68]
Event: 27.655 Thread 0x000001a5fa1872f0 3393       3       java.lang.invoke.DirectMethodHandle$StaticAccessor::viewAsType (49 bytes)
Event: 27.655 Thread 0x000001a5fa1872f0 nmethod 3393 0x000001a5a5ea1010 code [0x000001a5a5ea11c0, 0x000001a5a5ea1398]
Event: 27.655 Thread 0x000001a5fa1872f0 3394       3       java.lang.invoke.LambdaForm$MH/0x000001a5ba118000::invoke (35 bytes)
Event: 27.656 Thread 0x000001a5fa1872f0 nmethod 3394 0x000001a5a5ea1490 code [0x000001a5a5ea1680, 0x000001a5a5ea1cf0]
Event: 27.656 Thread 0x000001a5fa1872f0 3395       3       java.lang.invoke.DirectMethodHandle::ensureInitialized (8 bytes)
Event: 27.656 Thread 0x000001a5fa1872f0 nmethod 3395 0x000001a5a5ea1e90 code [0x000001a5a5ea20e0, 0x000001a5a5ea2978]
Event: 27.658 Thread 0x000001a5fa1872f0 3397       3       org.eclipse.osgi.internal.framework.FilterImpl$Item::compare_ObjectArray (38 bytes)
Event: 27.658 Thread 0x000001a5fa1872f0 nmethod 3397 0x000001a5a5ea2c90 code [0x000001a5a5ea2e60, 0x000001a5a5ea30f8]
Event: 27.659 Thread 0x000001a5fa1872f0 3398       3       java.lang.invoke.DirectMethodHandle$Holder::newInvokeSpecial (24 bytes)
Event: 27.659 Thread 0x000001a5fa1872f0 nmethod 3398 0x000001a5a5ea3210 code [0x000001a5a5ea3400, 0x000001a5a5ea3b88]

GC Heap History (10 events):
Event: 1.856 GC heap before
{Heap before GC invocations=1 (full 0):
 PSYoungGen      total 29696K, used 25600K [0x00000000d5580000, 0x00000000d7680000, 0x0000000100000000)
  eden space 25600K, 100% used [0x00000000d5580000,0x00000000d6e80000,0x00000000d6e80000)
  from space 4096K, 0% used [0x00000000d7280000,0x00000000d7280000,0x00000000d7680000)
  to   space 4096K, 0% used [0x00000000d6e80000,0x00000000d6e80000,0x00000000d7280000)
 ParOldGen       total 68608K, used 0K [0x0000000080000000, 0x0000000084300000, 0x00000000d5580000)
  object space 68608K, 0% used [0x0000000080000000,0x0000000080000000,0x0000000084300000)
 Metaspace       used 4349K, committed 4608K, reserved 1114112K
  class space    used 473K, committed 576K, reserved 1048576K
}
Event: 1.870 GC heap after
{Heap after GC invocations=1 (full 0):
 PSYoungGen      total 29696K, used 3280K [0x00000000d5580000, 0x00000000d7680000, 0x0000000100000000)
  eden space 25600K, 0% used [0x00000000d5580000,0x00000000d5580000,0x00000000d6e80000)
  from space 4096K, 80% used [0x00000000d6e80000,0x00000000d71b4148,0x00000000d7280000)
  to   space 4096K, 0% used [0x00000000d7280000,0x00000000d7280000,0x00000000d7680000)
 ParOldGen       total 68608K, used 0K [0x0000000080000000, 0x0000000084300000, 0x00000000d5580000)
  object space 68608K, 0% used [0x0000000080000000,0x0000000080000000,0x0000000084300000)
 Metaspace       used 4349K, committed 4608K, reserved 1114112K
  class space    used 473K, committed 576K, reserved 1048576K
}
Event: 5.590 GC heap before
{Heap before GC invocations=2 (full 0):
 PSYoungGen      total 29696K, used 28880K [0x00000000d5580000, 0x00000000d7680000, 0x0000000100000000)
  eden space 25600K, 100% used [0x00000000d5580000,0x00000000d6e80000,0x00000000d6e80000)
  from space 4096K, 80% used [0x00000000d6e80000,0x00000000d71b4148,0x00000000d7280000)
  to   space 4096K, 0% used [0x00000000d7280000,0x00000000d7280000,0x00000000d7680000)
 ParOldGen       total 68608K, used 0K [0x0000000080000000, 0x0000000084300000, 0x00000000d5580000)
  object space 68608K, 0% used [0x0000000080000000,0x0000000080000000,0x0000000084300000)
 Metaspace       used 8024K, committed 8320K, reserved 1114112K
  class space    used 834K, committed 960K, reserved 1048576K
}
Event: 5.599 GC heap after
{Heap after GC invocations=2 (full 0):
 PSYoungGen      total 29696K, used 4087K [0x00000000d5580000, 0x00000000d7680000, 0x0000000100000000)
  eden space 25600K, 0% used [0x00000000d5580000,0x00000000d5580000,0x00000000d6e80000)
  from space 4096K, 99% used [0x00000000d7280000,0x00000000d767dea8,0x00000000d7680000)
  to   space 4096K, 0% used [0x00000000d6e80000,0x00000000d6e80000,0x00000000d7280000)
 ParOldGen       total 68608K, used 1997K [0x0000000080000000, 0x0000000084300000, 0x00000000d5580000)
  object space 68608K, 2% used [0x0000000080000000,0x00000000801f3768,0x0000000084300000)
 Metaspace       used 8024K, committed 8320K, reserved 1114112K
  class space    used 834K, committed 960K, reserved 1048576K
}
Event: 8.923 GC heap before
{Heap before GC invocations=3 (full 0):
 PSYoungGen      total 29696K, used 29687K [0x00000000d5580000, 0x00000000d7680000, 0x0000000100000000)
  eden space 25600K, 100% used [0x00000000d5580000,0x00000000d6e80000,0x00000000d6e80000)
  from space 4096K, 99% used [0x00000000d7280000,0x00000000d767dea8,0x00000000d7680000)
  to   space 4096K, 0% used [0x00000000d6e80000,0x00000000d6e80000,0x00000000d7280000)
 ParOldGen       total 68608K, used 1997K [0x0000000080000000, 0x0000000084300000, 0x00000000d5580000)
  object space 68608K, 2% used [0x0000000080000000,0x00000000801f3768,0x0000000084300000)
 Metaspace       used 9455K, committed 9792K, reserved 1114112K
  class space    used 1004K, committed 1152K, reserved 1048576K
}
Event: 8.934 GC heap after
{Heap after GC invocations=3 (full 0):
 PSYoungGen      total 29696K, used 4078K [0x00000000d5580000, 0x00000000d7680000, 0x0000000100000000)
  eden space 25600K, 0% used [0x00000000d5580000,0x00000000d5580000,0x00000000d6e80000)
  from space 4096K, 99% used [0x00000000d6e80000,0x00000000d727b8a0,0x00000000d7280000)
  to   space 4096K, 0% used [0x00000000d7280000,0x00000000d7280000,0x00000000d7680000)
 ParOldGen       total 68608K, used 5377K [0x0000000080000000, 0x0000000084300000, 0x00000000d5580000)
  object space 68608K, 7% used [0x0000000080000000,0x00000000805407e8,0x0000000084300000)
 Metaspace       used 9455K, committed 9792K, reserved 1114112K
  class space    used 1004K, committed 1152K, reserved 1048576K
}
Event: 12.183 GC heap before
{Heap before GC invocations=4 (full 0):
 PSYoungGen      total 29696K, used 29666K [0x00000000d5580000, 0x00000000d7680000, 0x0000000100000000)
  eden space 25600K, 99% used [0x00000000d5580000,0x00000000d6e7d168,0x00000000d6e80000)
  from space 4096K, 99% used [0x00000000d6e80000,0x00000000d727b8a0,0x00000000d7280000)
  to   space 4096K, 0% used [0x00000000d7280000,0x00000000d7280000,0x00000000d7680000)
 ParOldGen       total 68608K, used 5377K [0x0000000080000000, 0x0000000084300000, 0x00000000d5580000)
  object space 68608K, 7% used [0x0000000080000000,0x00000000805407e8,0x0000000084300000)
 Metaspace       used 11802K, committed 12160K, reserved 1114112K
  class space    used 1246K, committed 1408K, reserved 1048576K
}
Event: 12.190 GC heap after
{Heap after GC invocations=4 (full 0):
 PSYoungGen      total 29696K, used 4070K [0x00000000d5580000, 0x00000000d7680000, 0x0000000100000000)
  eden space 25600K, 0% used [0x00000000d5580000,0x00000000d5580000,0x00000000d6e80000)
  from space 4096K, 99% used [0x00000000d7280000,0x00000000d7679880,0x00000000d7680000)
  to   space 4096K, 0% used [0x00000000d6e80000,0x00000000d6e80000,0x00000000d7280000)
 ParOldGen       total 68608K, used 6743K [0x0000000080000000, 0x0000000084300000, 0x00000000d5580000)
  object space 68608K, 9% used [0x0000000080000000,0x0000000080695fb0,0x0000000084300000)
 Metaspace       used 11802K, committed 12160K, reserved 1114112K
  class space    used 1246K, committed 1408K, reserved 1048576K
}
Event: 14.416 GC heap before
{Heap before GC invocations=5 (full 0):
 PSYoungGen      total 29696K, used 29670K [0x00000000d5580000, 0x00000000d7680000, 0x0000000100000000)
  eden space 25600K, 100% used [0x00000000d5580000,0x00000000d6e80000,0x00000000d6e80000)
  from space 4096K, 99% used [0x00000000d7280000,0x00000000d7679880,0x00000000d7680000)
  to   space 4096K, 0% used [0x00000000d6e80000,0x00000000d6e80000,0x00000000d7280000)
 ParOldGen       total 68608K, used 6743K [0x0000000080000000, 0x0000000084300000, 0x00000000d5580000)
  object space 68608K, 9% used [0x0000000080000000,0x0000000080695fb0,0x0000000084300000)
 Metaspace       used 15714K, committed 16384K, reserved 1114112K
  class space    used 1620K, committed 1920K, reserved 1048576K
}
Event: 14.428 GC heap after
{Heap after GC invocations=5 (full 0):
 PSYoungGen      total 29184K, used 4064K [0x00000000d5580000, 0x00000000d7a00000, 0x0000000100000000)
  eden space 25088K, 0% used [0x00000000d5580000,0x00000000d5580000,0x00000000d6e00000)
  from space 4096K, 99% used [0x00000000d6e80000,0x00000000d7278398,0x00000000d7280000)
  to   space 6144K, 0% used [0x00000000d7400000,0x00000000d7400000,0x00000000d7a00000)
 ParOldGen       total 68608K, used 8273K [0x0000000080000000, 0x0000000084300000, 0x00000000d5580000)
  object space 68608K, 12% used [0x0000000080000000,0x00000000808144f0,0x0000000084300000)
 Metaspace       used 15714K, committed 16384K, reserved 1114112K
  class space    used 1620K, committed 1920K, reserved 1048576K
}

Dll operation events (10 events):
Event: 0.025 Loaded shared library c:\Users\nancy\.vscode\extensions\redhat.java-1.52.0-win32-x64\jre\21.0.9-win32-x86_64\bin\java.dll
Event: 0.130 Loaded shared library c:\Users\nancy\.vscode\extensions\redhat.java-1.52.0-win32-x64\jre\21.0.9-win32-x86_64\bin\zip.dll
Event: 0.181 Loaded shared library C:\Users\nancy\.vscode\extensions\redhat.java-1.52.0-win32-x64\jre\21.0.9-win32-x86_64\bin\instrument.dll
Event: 0.194 Loaded shared library C:\Users\nancy\.vscode\extensions\redhat.java-1.52.0-win32-x64\jre\21.0.9-win32-x86_64\bin\net.dll
Event: 0.200 Loaded shared library C:\Users\nancy\.vscode\extensions\redhat.java-1.52.0-win32-x64\jre\21.0.9-win32-x86_64\bin\nio.dll
Event: 0.206 Loaded shared library C:\Users\nancy\.vscode\extensions\redhat.java-1.52.0-win32-x64\jre\21.0.9-win32-x86_64\bin\zip.dll
Event: 0.240 Loaded shared library C:\Users\nancy\.vscode\extensions\redhat.java-1.52.0-win32-x64\jre\21.0.9-win32-x86_64\bin\jimage.dll
Event: 0.438 Loaded shared library c:\Users\nancy\.vscode\extensions\redhat.java-1.52.0-win32-x64\jre\21.0.9-win32-x86_64\bin\verify.dll
Event: 6.085 Loaded shared library C:\Users\nancy\AppData\Roaming\Code\User\globalStorage\redhat.java\1.52.0\config_win\org.eclipse.equinox.launcher\org.eclipse.equinox.launcher.win32.win32.x86_64_1.2.1500.v20260121-1430\eclipse_11919.dll
Event: 27.455 Loaded shared library C:\Users\nancy\AppData\Local\Temp\jna-104585937\jna11241204537226551002.dll

Deoptimization events (20 events):
Event: 15.456 Thread 0x000001a5ff0fbd50 Uncommon trap: trap_request=0xffffff45 fr.pc=0x000001a5ad2fb730 relative=0x0000000000000690
Event: 15.456 Thread 0x000001a5ff0fbd50 Uncommon trap: reason=unstable_if action=reinterpret pc=0x000001a5ad2fb730 method=java.lang.String.replace(Ljava/lang/CharSequence;Ljava/lang/CharSequence;)Ljava/lang/String; @ 42 c2
Event: 15.456 Thread 0x000001a5ff0fbd50 DEOPT PACKING pc=0x000001a5ad2fb730 sp=0x0000003a8fdf2ef0
Event: 15.456 Thread 0x000001a5ff0fbd50 DEOPT UNPACKING pc=0x000001a5acd76da2 sp=0x0000003a8fdf2e70 mode 2
Event: 27.525 Thread 0x000001a5ff0fbd50 Uncommon trap: trap_request=0xffffff45 fr.pc=0x000001a5ad420b44 relative=0x0000000000000964
Event: 27.525 Thread 0x000001a5ff0fbd50 Uncommon trap: reason=unstable_if action=reinterpret pc=0x000001a5ad420b44 method=java.util.concurrent.ConcurrentHashMap.putVal(Ljava/lang/Object;Ljava/lang/Object;Z)Ljava/lang/Object; @ 401 c2
Event: 27.525 Thread 0x000001a5ff0fbd50 DEOPT PACKING pc=0x000001a5ad420b44 sp=0x0000003a8fdf2d70
Event: 27.525 Thread 0x000001a5ff0fbd50 DEOPT UNPACKING pc=0x000001a5acd76da2 sp=0x0000003a8fdf2ce0 mode 2
Event: 27.564 Thread 0x000001a5ff0fbd50 Uncommon trap: trap_request=0xffffff45 fr.pc=0x000001a5ad417fa4 relative=0x0000000000000084
Event: 27.564 Thread 0x000001a5ff0fbd50 Uncommon trap: reason=unstable_if action=reinterpret pc=0x000001a5ad417fa4 method=java.lang.ref.SoftReference.get()Ljava/lang/Object; @ 6 c2
Event: 27.564 Thread 0x000001a5ff0fbd50 DEOPT PACKING pc=0x000001a5ad417fa4 sp=0x0000003a8fdf4df0
Event: 27.564 Thread 0x000001a5ff0fbd50 DEOPT UNPACKING pc=0x000001a5acd76da2 sp=0x0000003a8fdf4d88 mode 2
Event: 27.599 Thread 0x000001a580532bd0 Uncommon trap: trap_request=0xffffff45 fr.pc=0x000001a5ad3b5de0 relative=0x00000000000000c0
Event: 27.599 Thread 0x000001a580532bd0 Uncommon trap: reason=unstable_if action=reinterpret pc=0x000001a5ad3b5de0 method=java.util.concurrent.locks.ReentrantLock$NonfairSync.initialTryLock()Z @ 25 c2
Event: 27.599 Thread 0x000001a580532bd0 DEOPT PACKING pc=0x000001a5ad3b5de0 sp=0x0000003a902fdbb0
Event: 27.599 Thread 0x000001a580532bd0 DEOPT UNPACKING pc=0x000001a5acd76da2 sp=0x0000003a902fdb38 mode 2
Event: 27.637 Thread 0x000001a5ff0fbd50 Uncommon trap: trap_request=0xffffff45 fr.pc=0x000001a5ad3e6b90 relative=0x0000000000000070
Event: 27.637 Thread 0x000001a5ff0fbd50 Uncommon trap: reason=unstable_if action=reinterpret pc=0x000001a5ad3e6b90 method=java.lang.ref.ReferenceQueue.poll()Ljava/lang/ref/Reference; @ 4 c2
Event: 27.637 Thread 0x000001a5ff0fbd50 DEOPT PACKING pc=0x000001a5ad3e6b90 sp=0x0000003a8fdee790
Event: 27.637 Thread 0x000001a5ff0fbd50 DEOPT UNPACKING pc=0x000001a5acd76da2 sp=0x0000003a8fdee718 mode 2

Classes loaded (20 events):
Event: 27.523 Loading class java/lang/Short$ShortCache
Event: 27.524 Loading class java/lang/Short$ShortCache done
Event: 27.557 Loading class java/util/function/LongUnaryOperator
Event: 27.557 Loading class java/util/function/LongUnaryOperator done
Event: 27.557 Loading class java/lang/ThreadDeath
Event: 27.558 Loading class java/lang/ThreadDeath done
Event: 27.569 Loading class java/util/stream/SortedOps$SizedRefSortingSink
Event: 27.569 Loading class java/util/stream/SortedOps$SizedRefSortingSink done
Event: 27.614 Loading class java/util/concurrent/atomic/Striped64$1
Event: 27.614 Loading class java/util/concurrent/atomic/Striped64$1 done
Event: 27.647 Loading class java/lang/ExceptionInInitializerError
Event: 27.647 Loading class java/lang/ExceptionInInitializerError done
Event: 27.649 Loading class java/io/PrintWriter$1
Event: 27.649 Loading class jdk/internal/access/JavaIOPrintWriterAccess
Event: 27.649 Loading class jdk/internal/access/JavaIOPrintWriterAccess done
Event: 27.649 Loading class java/io/PrintWriter$1 done
Event: 27.649 Loading class java/lang/Throwable$WrappedPrintWriter
Event: 27.650 Loading class java/lang/Throwable$PrintStreamOrWriter
Event: 27.650 Loading class java/lang/Throwable$PrintStreamOrWriter done
Event: 27.650 Loading class java/lang/Throwable$WrappedPrintWriter done

Classes unloaded (0 events):
No events

Classes redefined (0 events):
No events

Internal exceptions (20 events):
Event: 15.469 Thread 0x000001a5ff0fbd50 Exception <a 'java/lang/NoSuchMethodError'{0x00000000d5c75e28}: 'java.lang.Object java.lang.invoke.DirectMethodHandle$Holder.invokeStaticInit(java.lang.Object, int, int, int, int)'> (0x00000000d5c75e28) 
thrown [s\src\hotspot\share\interpreter\linkResolver.cpp, line 773]
Event: 16.494 Thread 0x000001a5ff0fbd50 Exception <a 'java/lang/NoSuchMethodError'{0x00000000d5d5c320}: 'java.lang.Object java.lang.invoke.DirectMethodHandle$Holder.invokeStaticInit(java.lang.Object, java.lang.Object, int, int, int, int)'> (0x00000000d5d5c320) 
thrown [s\src\hotspot\share\interpreter\linkResolver.cpp, line 773]
Event: 27.492 Thread 0x000001a5ff0fbd50 Exception <a 'java/lang/NoSuchMethodError'{0x00000000d5ebf600}: 'void java.lang.invoke.DirectMethodHandle$Holder.invokeSpecial(java.lang.Object, java.lang.Object, java.lang.Object, int)'> (0x00000000d5ebf600) 
thrown [s\src\hotspot\share\interpreter\linkResolver.cpp, line 773]
Event: 27.492 Thread 0x000001a5ff0fbd50 Exception <a 'java/lang/NoSuchMethodError'{0x00000000d5ec3240}: 'void java.lang.invoke.DelegatingMethodHandle$Holder.reinvoke_L(java.lang.Object, java.lang.Object, int)'> (0x00000000d5ec3240) 
thrown [s\src\hotspot\share\interpreter\linkResolver.cpp, line 773]
Event: 27.493 Thread 0x000001a5ff0fbd50 Exception <a 'java/lang/NoSuchMethodError'{0x00000000d5eca1d8}: 'int java.lang.invoke.Invokers$Holder.invokeExact_MT(java.lang.Object, java.lang.Object, java.lang.Object)'> (0x00000000d5eca1d8) 
thrown [s\src\hotspot\share\interpreter\linkResolver.cpp, line 773]
Event: 27.526 Thread 0x000001a5ff0fbd50 Exception <a 'java/lang/NoSuchMethodError'{0x00000000d5fefa48}: 'void java.lang.invoke.Invokers$Holder.invokeExact_MT(java.lang.Object, java.lang.Object, int, java.lang.Object)'> (0x00000000d5fefa48) 
thrown [s\src\hotspot\share\interpreter\linkResolver.cpp, line 773]
Event: 27.555 Thread 0x000001a5ff0fbd50 Exception <a 'java/lang/NoSuchMethodError'{0x00000000d60faeb8}: 'java.lang.Object java.lang.invoke.DirectMethodHandle$Holder.invokeSpecial(java.lang.Object, java.lang.Object, java.lang.Object, long, java.lang.Object)'> (0x00000000d60faeb8) 
thrown [s\src\hotspot\share\interpreter\linkResolver.cpp, line 773]
Event: 27.556 Thread 0x000001a5ff0fbd50 Exception <a 'java/lang/NoSuchMethodError'{0x00000000d6102700}: 'java.lang.Object java.lang.invoke.DirectMethodHandle$Holder.newInvokeSpecial(java.lang.Object, java.lang.Object, java.lang.Object, long)'> (0x00000000d6102700) 
thrown [s\src\hotspot\share\interpreter\linkResolver.cpp, line 773]
Event: 27.556 Thread 0x000001a5ff0fbd50 Exception <a 'java/lang/NoSuchMethodError'{0x00000000d6106ab0}: 'java.lang.Object java.lang.invoke.DirectMethodHandle$Holder.invokeSpecial(java.lang.Object, java.lang.Object, java.lang.Object, java.lang.Object, long)'> (0x00000000d6106ab0) 
thrown [s\src\hotspot\share\interpreter\linkResolver.cpp, line 773]
Event: 27.556 Thread 0x000001a5ff0fbd50 Exception <a 'java/lang/NoSuchMethodError'{0x00000000d610a6d0}: 'java.lang.Object java.lang.invoke.Invokers$Holder.linkToTargetMethod(java.lang.Object, java.lang.Object, long, java.lang.Object)'> (0x00000000d610a6d0) 
thrown [s\src\hotspot\share\interpreter\linkResolver.cpp, line 773]
Event: 27.566 Thread 0x000001a5ff0fbd50 Exception <a 'java/lang/NoSuchMethodError'{0x00000000d616e0d0}: 'int java.lang.invoke.DirectMethodHandle$Holder.invokeStaticInit(java.lang.Object, java.lang.Object, java.lang.Object)'> (0x00000000d616e0d0) 
thrown [s\src\hotspot\share\interpreter\linkResolver.cpp, line 773]
Event: 27.584 Thread 0x000001a5ff0fbd50 Exception <a 'java/lang/IncompatibleClassChangeError'{0x00000000d6234bc0}: Found class java.lang.Object, but interface was expected> (0x00000000d6234bc0) 
thrown [s\src\hotspot\share\interpreter\linkResolver.cpp, line 840]
Event: 27.594 Thread 0x000001a5ff0fbd50 Exception <a 'java/lang/NoSuchMethodError'{0x00000000d6244900}: 'java.lang.Object java.lang.invoke.DirectMethodHandle$Holder.invokeSpecial(java.lang.Object, java.lang.Object, java.lang.Object, int, java.lang.Object, java.lang.Object)'> (0x00000000d6244900) 
thrown [s\src\hotspot\share\interpreter\linkResolver.cpp, line 773]
Event: 27.595 Thread 0x000001a5ff0fbd50 Exception <a 'java/lang/NoSuchMethodError'{0x00000000d624c878}: 'java.lang.Object java.lang.invoke.DirectMethodHandle$Holder.newInvokeSpecial(java.lang.Object, java.lang.Object, java.lang.Object, int, java.lang.Object)'> (0x00000000d624c878) 
thrown [s\src\hotspot\share\interpreter\linkResolver.cpp, line 773]
Event: 27.595 Thread 0x000001a5ff0fbd50 Exception <a 'java/lang/NoSuchMethodError'{0x00000000d62507f8}: 'java.lang.Object java.lang.invoke.DirectMethodHandle$Holder.invokeSpecial(java.lang.Object, java.lang.Object, java.lang.Object, java.lang.Object, int, java.lang.Object)'> (0x00000000d62507f8) 
thrown [s\src\hotspot\share\interpreter\linkResolver.cpp, line 773]
Event: 27.596 Thread 0x000001a5ff0fbd50 Exception <a 'java/lang/NoSuchMethodError'{0x00000000d6254338}: 'java.lang.Object java.lang.invoke.Invokers$Holder.linkToTargetMethod(java.lang.Object, java.lang.Object, int, java.lang.Object, java.lang.Object)'> (0x00000000d6254338) 
thrown [s\src\hotspot\share\interpreter\linkResolver.cpp, line 773]
Event: 27.597 Thread 0x000001a580532bd0 Exception <a 'java/lang/NoSuchMethodError'{0x00000000d61c6e40}: 'java.lang.Object java.lang.invoke.DirectMethodHandle$Holder.invokeSpecial(java.lang.Object, java.lang.Object, int, java.lang.Object, java.lang.Object)'> (0x00000000d61c6e40) 
thrown [s\src\hotspot\share\interpreter\linkResolver.cpp, line 773]
Event: 27.617 Thread 0x000001a5ff0fbd50 Exception <a 'java/lang/NoSuchMethodError'{0x00000000d63521b8}: 'void java.lang.invoke.DirectMethodHandle$Holder.invokeSpecial(java.lang.Object, java.lang.Object, java.lang.Object, java.lang.Object, java.lang.Object)'> (0x00000000d63521b8) 
thrown [s\src\hotspot\share\interpreter\linkResolver.cpp, line 773]
Event: 27.646 Thread 0x000001a5ff0fbd50 Exception <a 'java/lang/OutOfMemoryError'{0x00000000d642e030}: (class: org/objectweb/asm/ClassReader, method: readField signature: (Lorg/objectweb/asm/ClassVisitor;Lorg/objectweb/asm/Context;I)I) > (0x00000000d642e030) 
thrown [s\src\hotspot\share\classfile\verifier.cpp, line 344]
Event: 27.648 Thread 0x000001a5ff0fbd50 Exception <a 'java/lang/ClassFormatError'{0x00000000d6433bc0}> (0x00000000d6433bc0) 
thrown [s\src\hotspot\share\oops\instanceKlass.cpp, line 1220]

ZGC Phase Switch (0 events):
No events

VM Operations (20 events):
Event: 12.182 Executing VM operation: ParallelGCFailedAllocation (Allocation Failure)
Event: 12.190 Executing VM operation: ParallelGCFailedAllocation (Allocation Failure) done
Event: 13.193 Executing VM operation: Cleanup
Event: 13.224 Executing VM operation: Cleanup done
Event: 14.238 Executing VM operation: Cleanup
Event: 14.239 Executing VM operation: Cleanup done
Event: 14.242 Executing VM operation: HandshakeAllThreads (Deoptimize)
Event: 14.242 Executing VM operation: HandshakeAllThreads (Deoptimize) done
Event: 14.416 Executing VM operation: ParallelGCFailedAllocation (Allocation Failure)
Event: 14.428 Executing VM operation: ParallelGCFailedAllocation (Allocation Failure) done
Event: 15.430 Executing VM operation: Cleanup
Event: 15.430 Executing VM operation: Cleanup done
Event: 16.443 Executing VM operation: Cleanup
Event: 16.443 Executing VM operation: Cleanup done
Event: 16.487 Executing VM operation: HandshakeAllThreads (Deoptimize)
Event: 16.487 Executing VM operation: HandshakeAllThreads (Deoptimize) done
Event: 17.490 Executing VM operation: Cleanup
Event: 17.490 Executing VM operation: Cleanup done
Event: 27.470 Executing VM operation: HandshakeAllThreads (Deoptimize)
Event: 27.470 Executing VM operation: HandshakeAllThreads (Deoptimize) done

Memory protections (0 events):
No events

Nmethod flushes (0 events):
No events

Events (20 events):
Event: 0.185 Thread 0x000001a5a25eea90 Thread added: 0x000001a5ff14e1f0
Event: 0.793 Thread 0x000001a5a25eea90 Thread added: 0x000001a5ff2752d0
Event: 0.872 Thread 0x000001a5fa1487f0 Thread added: 0x000001a5ff164170
Event: 2.015 Thread 0x000001a5ff164170 Thread exited: 0x000001a5ff164170
Event: 2.223 Thread 0x000001a5fa1872f0 Thread added: 0x000001a5ff2a3a70
Event: 2.430 Thread 0x000001a5ff2a3a70 Thread exited: 0x000001a5ff2a3a70
Event: 4.948 Thread 0x000001a5a25eea90 Thread added: 0x000001a5ff2dea40
Event: 5.604 Thread 0x000001a5a25eea90 Thread added: 0x000001a5ff6e1ec0
Event: 6.428 Thread 0x000001a5ff6e1ec0 Thread added: 0x000001a5ff0fb6f0
Event: 6.444 Thread 0x000001a5a25eea90 Thread added: 0x000001a5ff0fbd50
Event: 8.077 Thread 0x000001a5fa1872f0 Thread added: 0x000001a5ff7bb6b0
Event: 9.082 Thread 0x000001a5ff7bb6b0 Thread exited: 0x000001a5ff7bb6b0
Event: 9.147 Thread 0x000001a5ff0fbd50 Thread added: 0x000001a5ff23c000
Event: 12.004 Thread 0x000001a5ff0fbd50 Thread added: 0x000001a5ff4c2da0
Event: 12.344 Thread 0x000001a5fa1872f0 Thread added: 0x000001a5800a2620
Event: 12.998 Thread 0x000001a5800a2620 Thread exited: 0x000001a5800a2620
Event: 13.650 Thread 0x000001a5ff0fbd50 Thread added: 0x000001a580534ca0
Event: 27.510 Thread 0x000001a5ff0fbd50 Thread added: 0x000001a5805359c0
Event: 27.560 Thread 0x000001a5ff0fbd50 Thread added: 0x000001a580532bd0
Event: 27.596 Thread 0x000001a5ff0fbd50 Thread added: 0x000001a580535330


Dynamic libraries:
0x00007ff7d6860000 - 0x00007ff7d686e000 	c:\Users\nancy\.vscode\extensions\redhat.java-1.52.0-win32-x64\jre\21.0.9-win32-x86_64\bin\java.exe
0x00007ffaf6600000 - 0x00007ffaf6868000 	C:\Windows\SYSTEM32\ntdll.dll
0x00007ffaf5d50000 - 0x00007ffaf5e19000 	C:\Windows\System32\KERNEL32.DLL
0x00007ffaf35f0000 - 0x00007ffaf39e1000 	C:\Windows\System32\KERNELBASE.dll
0x00007ffaf2ee0000 - 0x00007ffaf302b000 	C:\Windows\System32\ucrtbase.dll
0x00007ffaa7750000 - 0x00007ffaa7768000 	c:\Users\nancy\.vscode\extensions\redhat.java-1.52.0-win32-x64\jre\21.0.9-win32-x86_64\bin\jli.dll
0x00007ffaf4830000 - 0x00007ffaf49f6000 	C:\Windows\System32\USER32.dll
0x00007ffaf3450000 - 0x00007ffaf3477000 	C:\Windows\System32\win32u.dll
0x00007ffaf6030000 - 0x00007ffaf605b000 	C:\Windows\System32\GDI32.dll
0x00007ffaa7730000 - 0x00007ffaa774e000 	c:\Users\nancy\.vscode\extensions\redhat.java-1.52.0-win32-x64\jre\21.0.9-win32-x86_64\bin\VCRUNTIME140.dll
0x00007ffaf31b0000 - 0x00007ffaf32db000 	C:\Windows\System32\gdi32full.dll
0x00007ffaf3480000 - 0x00007ffaf3523000 	C:\Windows\System32\msvcp_win.dll
0x00007ffacf7e0000 - 0x00007ffacfa73000 	C:\Windows\WinSxS\amd64_microsoft.windows.common-controls_6595b64144ccf1df_6.0.26100.7824_none_3e0870b2e3345462\COMCTL32.dll
0x00007ffaf6060000 - 0x00007ffaf6109000 	C:\Windows\System32\msvcrt.dll
0x00007ffaf58b0000 - 0x00007ffaf58e1000 	C:\Windows\System32\IMM32.DLL
0x00007ffad9d90000 - 0x00007ffad9d9c000 	c:\Users\nancy\.vscode\extensions\redhat.java-1.52.0-win32-x64\jre\21.0.9-win32-x86_64\bin\vcruntime140_1.dll
0x00007ffa7ad00000 - 0x00007ffa7ad8d000 	c:\Users\nancy\.vscode\extensions\redhat.java-1.52.0-win32-x64\jre\21.0.9-win32-x86_64\bin\msvcp140.dll
0x00007ffa72730000 - 0x00007ffa734d0000 	c:\Users\nancy\.vscode\extensions\redhat.java-1.52.0-win32-x64\jre\21.0.9-win32-x86_64\bin\server\jvm.dll
0x00007ffaf5af0000 - 0x00007ffaf5ba4000 	C:\Windows\System32\ADVAPI32.dll
0x00007ffaf6510000 - 0x00007ffaf65b6000 	C:\Windows\System32\sechost.dll
0x00007ffaf5bb0000 - 0x00007ffaf5cc8000 	C:\Windows\System32\RPCRT4.dll
0x00007ffaf5cd0000 - 0x00007ffaf5d44000 	C:\Windows\System32\WS2_32.dll
0x00007ffaf2d40000 - 0x00007ffaf2d9e000 	C:\Windows\SYSTEM32\POWRPROF.dll
0x00007ffae9990000 - 0x00007ffae99c5000 	C:\Windows\SYSTEM32\WINMM.dll
0x00007ffaea550000 - 0x00007ffaea55b000 	C:\Windows\SYSTEM32\VERSION.dll
0x00007ffaf2d20000 - 0x00007ffaf2d34000 	C:\Windows\SYSTEM32\UMPDC.dll
0x00007ffaf1c80000 - 0x00007ffaf1c9b000 	C:\Windows\SYSTEM32\kernel.appcore.dll
0x00007ffad5170000 - 0x00007ffad517a000 	c:\Users\nancy\.vscode\extensions\redhat.java-1.52.0-win32-x64\jre\21.0.9-win32-x86_64\bin\jimage.dll
0x00007ffaf0e50000 - 0x00007ffaf1092000 	C:\Windows\SYSTEM32\DBGHELP.DLL
0x00007ffaf6110000 - 0x00007ffaf6496000 	C:\Windows\System32\combase.dll
0x00007ffaf4c90000 - 0x00007ffaf4d67000 	C:\Windows\System32\OLEAUT32.dll
0x00007ffad0520000 - 0x00007ffad055b000 	C:\Windows\SYSTEM32\dbgcore.DLL
0x00007ffaf39f0000 - 0x00007ffaf3a95000 	C:\Windows\System32\bcryptPrimitives.dll
0x00007ffaeba20000 - 0x00007ffaeba2f000 	c:\Users\nancy\.vscode\extensions\redhat.java-1.52.0-win32-x64\jre\21.0.9-win32-x86_64\bin\instrument.dll
0x00007ffaa7710000 - 0x00007ffaa7730000 	c:\Users\nancy\.vscode\extensions\redhat.java-1.52.0-win32-x64\jre\21.0.9-win32-x86_64\bin\java.dll
0x00007ffaf5150000 - 0x00007ffaf58a2000 	C:\Windows\System32\SHELL32.dll
0x00007ffaf32e0000 - 0x00007ffaf344a000 	C:\Windows\System32\wintypes.dll
0x00007ffaf3aa0000 - 0x00007ffaf4303000 	C:\Windows\System32\windows.storage.dll
0x00007ffaf59f0000 - 0x00007ffaf5ae6000 	C:\Windows\System32\SHCORE.dll
0x00007ffaf5050000 - 0x00007ffaf50b7000 	C:\Windows\System32\shlwapi.dll
0x00007ffaf2e00000 - 0x00007ffaf2e29000 	C:\Windows\SYSTEM32\profapi.dll
0x00007ffaa2de0000 - 0x00007ffaa2df8000 	c:\Users\nancy\.vscode\extensions\redhat.java-1.52.0-win32-x64\jre\21.0.9-win32-x86_64\bin\zip.dll
0x00007ffabbb40000 - 0x00007ffabbb50000 	C:\Users\nancy\.vscode\extensions\redhat.java-1.52.0-win32-x64\jre\21.0.9-win32-x86_64\bin\net.dll
0x00007ffad7200000 - 0x00007ffad7327000 	C:\Windows\SYSTEM32\WINHTTP.dll
0x00007ffaf21f0000 - 0x00007ffaf225b000 	C:\Windows\system32\mswsock.dll
0x00007ffaa2d20000 - 0x00007ffaa2d36000 	C:\Users\nancy\.vscode\extensions\redhat.java-1.52.0-win32-x64\jre\21.0.9-win32-x86_64\bin\nio.dll
0x00007ffad5140000 - 0x00007ffad5150000 	c:\Users\nancy\.vscode\extensions\redhat.java-1.52.0-win32-x64\jre\21.0.9-win32-x86_64\bin\verify.dll
0x00007ffac8ef0000 - 0x00007ffac8f35000 	C:\Users\nancy\AppData\Roaming\Code\User\globalStorage\redhat.java\1.52.0\config_win\org.eclipse.equinox.launcher\org.eclipse.equinox.launcher.win32.win32.x86_64_1.2.1500.v20260121-1430\eclipse_11919.dll
0x00007ffaf4eb0000 - 0x00007ffaf5047000 	C:\Windows\System32\ole32.dll
0x00007ffaf24c0000 - 0x00007ffaf24db000 	C:\Windows\SYSTEM32\CRYPTSP.dll
0x00007ffaf1be0000 - 0x00007ffaf1c19000 	C:\Windows\system32\rsaenh.dll
0x00007ffaf22a0000 - 0x00007ffaf22cb000 	C:\Windows\SYSTEM32\USERENV.dll
0x00007ffaf2dd0000 - 0x00007ffaf2dfa000 	C:\Windows\SYSTEM32\bcrypt.dll
0x00007ffaf24e0000 - 0x00007ffaf24ec000 	C:\Windows\SYSTEM32\CRYPTBASE.dll
0x00007ffaf1700000 - 0x00007ffaf1734000 	C:\Windows\SYSTEM32\IPHLPAPI.DLL
0x00007ffaf5140000 - 0x00007ffaf514a000 	C:\Windows\System32\NSI.dll
0x00007ffacac10000 - 0x00007ffacac59000 	C:\Users\nancy\AppData\Local\Temp\jna-104585937\jna11241204537226551002.dll
0x00007ffaf5e20000 - 0x00007ffaf5e28000 	C:\Windows\System32\PSAPI.DLL

JVMTI agents:
c:\Users\nancy\.vscode\extensions\redhat.java-1.52.0-win32-x64\lombok\lombok-1.18.39-4050.jar path:c:\Users\nancy\.vscode\extensions\redhat.java-1.52.0-win32-x64\jre\21.0.9-win32-x86_64\bin\instrument.dll, loaded, initialized, instrumentlib options:none

dbghelp: loaded successfully - version: 4.0.5 - missing functions: none
symbol engine: initialized successfully - sym options: 0x614 - pdb path: .;c:\Users\nancy\.vscode\extensions\redhat.java-1.52.0-win32-x64\jre\21.0.9-win32-x86_64\bin;C:\Windows\SYSTEM32;C:\Windows\WinSxS\amd64_microsoft.windows.common-controls_6595b64144ccf1df_6.0.26100.7824_none_3e0870b2e3345462;c:\Users\nancy\.vscode\extensions\redhat.java-1.52.0-win32-x64\jre\21.0.9-win32-x86_64\bin\server;C:\Users\nancy\AppData\Roaming\Code\User\globalStorage\redhat.java\1.52.0\config_win\org.eclipse.equinox.launcher\org.eclipse.equinox.launcher.win32.win32.x86_64_1.2.1500.v20260121-1430;C:\Users\nancy\AppData\Local\Temp\jna-104585937

VM Arguments:
jvm_args: --add-modules=ALL-SYSTEM --add-opens=java.base/java.util=ALL-UNNAMED --add-opens=java.base/java.lang=ALL-UNNAMED --add-opens=java.base/sun.nio.fs=ALL-UNNAMED -Declipse.application=org.eclipse.jdt.ls.core.id1 -Dosgi.bundles.defaultStartLevel=4 -Declipse.product=org.eclipse.jdt.ls.core.product -Djava.import.generatesMetadataFilesAtProjectRoot=false -DDetectVMInstallationsJob.disabled=true -Dfile.encoding=utf8 -XX:+UseParallelGC -XX:GCTimeRatio=4 -XX:AdaptiveSizePolicyWeight=90 -Dsun.zip.disableMemoryMapping=true -Xmx2G -Xms100m -Xlog:disable -javaagent:c:\Users\nancy\.vscode\extensions\redhat.java-1.52.0-win32-x64\lombok\lombok-1.18.39-4050.jar -XX:+HeapDumpOnOutOfMemoryError -XX:HeapDumpPath=c:\Users\nancy\AppData\Roaming\Code\User\workspaceStorage\33b56e96845a60690233eb22c3ddb232\redhat.java -Daether.dependencyCollector.impl=bf 
java_command: c:\Users\nancy\.vscode\extensions\redhat.java-1.52.0-win32-x64\server\plugins\org.eclipse.equinox.launcher_1.7.100.v20251111-0406.jar -configuration c:\Users\nancy\AppData\Roaming\Code\User\globalStorage\redhat.java\1.52.0\config_win -data c:\Users\nancy\AppData\Roaming\Code\User\workspaceStorage\33b56e96845a60690233eb22c3ddb232\redhat.java\jdt_ws --pipe=\\.\pipe\lsp-6283a757b39b13112da1f6366b908371-sock
java_class_path (initial): c:\Users\nancy\.vscode\extensions\redhat.java-1.52.0-win32-x64\server\plugins\org.eclipse.equinox.launcher_1.7.100.v20251111-0406.jar
Launcher Type: SUN_STANDARD

[Global flags]
    uintx AdaptiveSizePolicyWeight                 = 90                                        {product} {command line}
     intx CICompilerCount                          = 3                                         {product} {ergonomic}
    uintx GCTimeRatio                              = 4                                         {product} {command line}
     bool HeapDumpOnOutOfMemoryError               = true                                   {manageable} {command line}
    ccstr HeapDumpPath                             = c:\Users\nancy\AppData\Roaming\Code\User\workspaceStorage\33b56e96845a60690233eb22c3ddb232\redhat.java         {manageable} {command line}
   size_t InitialHeapSize                          = 104857600                                 {product} {command line}
   size_t MaxHeapSize                              = 2147483648                                {product} {command line}
   size_t MaxNewSize                               = 715653120                                 {product} {ergonomic}
   size_t MinHeapDeltaBytes                        = 524288                                    {product} {ergonomic}
   size_t MinHeapSize                              = 104857600                                 {product} {command line}
   size_t NewSize                                  = 34603008                                  {product} {ergonomic}
    uintx NonNMethodCodeHeapSize                   = 5832780                                {pd product} {ergonomic}
    uintx NonProfiledCodeHeapSize                  = 122912730                              {pd product} {ergonomic}
   size_t OldSize                                  = 70254592                                  {product} {ergonomic}
    uintx ProfiledCodeHeapSize                     = 122912730                              {pd product} {ergonomic}
    uintx ReservedCodeCacheSize                    = 251658240                              {pd product} {ergonomic}
     bool SegmentedCodeCache                       = true                                      {product} {ergonomic}
   size_t SoftMaxHeapSize                          = 2147483648                             {manageable} {ergonomic}
     bool UseCompressedOops                        = true                           {product lp64_product} {ergonomic}
     bool UseLargePagesIndividualAllocation        = false                                  {pd product} {ergonomic}
     bool UseParallelGC                            = true                                      {product} {command line}

Logging:
Log output configuration:
 #0: stdout all=off uptime,level,tags foldmultilines=false
 #1: stderr all=off uptime,level,tags foldmultilines=false

Release file:
JAVA_VERSION="21.0.9" 
MODULES="java.base java.compiler java.datatransfer java.xml java.prefs java.desktop java.instrument java.logging java.management java.security.sasl java.naming java.rmi java.management.rmi java.net.http java.scripting java.security.jgss java.transaction.xa java.sql java.sql.rowset java.xml.crypto java.se java.smartcardio jdk.accessibility jdk.internal.jvmstat jdk.attach jdk.charsets jdk.internal.opt jdk.zipfs jdk.compiler jdk.crypto.ec jdk.crypto.cryptoki jdk.crypto.mscapi jdk.dynalink jdk.internal.ed jdk.editpad jdk.hotspot.agent jdk.httpserver jdk.internal.le jdk.internal.vm.ci jdk.internal.vm.compiler jdk.internal.vm.compiler.management jdk.jartool jdk.javadoc jdk.jcmd jdk.management jdk.management.agent jdk.jconsole jdk.jdeps jdk.jdwp.agent jdk.jdi jdk.jfr jdk.jshell jdk.jsobject jdk.jstatd jdk.localedata jdk.management.jfr jdk.naming.dns jdk.naming.rmi jdk.net jdk.nio.mapmode jdk.random jdk.sctp jdk.security.auth jdk.security.jgss jdk.unsupported jdk.unsupported.desktop jdk.xml.dom" 

Environment Variables:
PATH=C:\Program Files\Common Files\Oracle\Java\javapath;C:\Windows\system32;C:\Windows;C:\Windows\System32\Wbem;C:\Windows\System32\WindowsPowerShell\v1.0\;C:\Windows\System32\OpenSSH\;C:\Program Files\HP\HP One Agent;C:\Program Files (x86)\Microsoft SQL Server\160\Tools\Binn\;C:\Program Files\Microsoft SQL Server\160\Tools\Binn\;C:\Program Files\Microsoft SQL Server\Client SDK\ODBC\170\Tools\Binn\;C:\Program Files\Microsoft SQL Server\160\DTS\Binn\;C:\Users\nancy\Downloads\mysql-8.0.44-winx64\mysql-8.0.44-winx64\bin;C:\Program Files\Git\cmd;C:\Users\nancy\AppData\Roaming\Microsoft\Windows\Start Menu\Programs\Python 3.12;C:\Program Files\MongoDB\Server\8.2\bin;C:\Program Files (x86)\Windows Kits\10\Windows Performance Toolkit\;C:\Program Files\flutter\bin;C:\Users\nancy\AppData\Local\Pub\Cache\bin;C:\Program Files\nodejs;C:\Program Files\Java\jdk-17\bin;C:\Program Files\platform-tools;C:\Program Files\nodejs\;C:\Users\nancy\AppData\Local\Programs\Python\Python312\Scripts\;C:\Users\nancy\AppData\Local\Programs\Python\Python312\;C:\Users\nancy\AppData\Local\Programs\Python\Launcher\;C:\Program Files\MySQL\MySQL Shell 8.0\bin\;C:\Users\nancy\AppData\Local\Microsoft\WindowsApps;C:\Users\nancy\AppData\Local\Programs\Microsoft VS Code\bin;C:\Users\nancy\AppData\Local\GitHubDesktop\bin;C:\Program Files\JetBrains\IntelliJ IDEA 2025.3.1.1\bin;C:\Users\nancy\AppData\Local\Programs\mongosh\;C:\Users\nancy\AppData\Roaming\npm
USERNAME=nancy
OS=Windows_NT
PROCESSOR_IDENTIFIER=Intel64 Family 6 Model 140 Stepping 1, GenuineIntel
TMP=C:\Users\nancy\AppData\Local\Temp
TEMP=C:\Users\nancy\AppData\Local\Temp




Periodic native trim disabled

---------------  S Y S T E M  ---------------

OS:
 Windows 11 , 64 bit Build 26100 (10.0.26100.7705)
OS uptime: 3 days 12:55 hours
Hyper-V role detected

CPU: total 4 (initial active 4) (2 cores per cpu, 2 threads per core) family 6 model 140 stepping 1 microcode 0xac, cx8, cmov, fxsr, ht, mmx, 3dnowpref, sse, sse2, sse3, ssse3, sse4.1, sse4.2, popcnt, lzcnt, tsc, tscinvbit, avx, avx2, aes, erms, clmul, bmi1, bmi2, adx, avx512f, avx512dq, avx512cd, avx512bw, avx512vl, sha, fma, vzeroupper, avx512_vpopcntdq, avx512_vpclmulqdq, avx512_vaes, avx512_vnni, clflush, clflushopt, clwb, avx512_vbmi2, avx512_vbmi, hv, rdtscp, rdpid, fsrm, gfni, avx512_bitalg, f16c, cet_ibt, cet_ss, avx512_ifma
Processor Information for the first 4 processors :
  Max Mhz: 2995, Current Mhz: 2995, Mhz Limit: 2995

Memory: 4k page, system-wide physical 7932M (925M free)
TotalPageFile size 22297M (AvailPageFile size 13M)
current process WorkingSet (physical memory assigned to process): 117M, peak: 126M
current process commit charge ("private bytes"): 262M, peak: 263M

vm_info: OpenJDK 64-Bit Server VM (21.0.9+10-LTS) for windows-amd64 JRE (21.0.9+10-LTS), built on 2025-10-21T00:00:00Z by "admin" with unknown MS VC++:1942

END.
